<?xml version="1.0" encoding="UTF-8"?>
<!-- Generated by org.testng.reporters.JUnitXMLReporter -->
<testsuite ignored="0" hostname="DESKTOP-E0A3S66" failures="0" tests="1" name="Test1" time="0.406" errors="0" timestamp="2021-06-17T17:08:57 CEST">
  <testcase classname="com.qa.base.BaseClass" name="@BeforeTest startTest" time="0.007">
    <failure type="java.lang.NullPointerException">
      <![CDATA[java.lang.NullPointerException
at com.qa.base.BaseClass.startTest(BaseClass.java:135)
... Removed 24 stack frames]]>
    </failure>
  </testcase> <!-- @BeforeTest startTest -->
  <testcase classname="com.qa.tests.SampleTest" name="@BeforeClass initiateDrivers" time="-1.623942537006E9">
    <skipped/>
  </testcase> <!-- @BeforeClass initiateDrivers -->
  <testcase classname="com.qa.base.BaseClass" name="@AfterTest teardown" time="-1.623942537385E9">
    <skipped/>
  </testcase> <!-- @AfterTest teardown -->
  <testcase classname="com.qa.tests.SampleTest" name="testMobAppShopping" time="0.0">
    <skipped/>
  </testcase> <!-- testMobAppShopping -->
</testsuite> <!-- Test1 -->
