<?xml version="1.0" encoding="UTF-8"?>
<testsuite xmlns:xsi="http://www.w3.org/2001/XMLSchema-instance" xsi:noNamespaceSchemaLocation="https://maven.apache.org/surefire/maven-surefire-plugin/xsd/surefire-test-report-3.0.xsd" version="3.0" name="TestSuite" time="29.258" tests="1" errors="0" skipped="0" failures="0">
  <properties>
[...]
</properties>
  <testcase name="testMobAppShopping" classname="com.qa.tests.SampleTest" time="5.185">
    <system-out><![CDATA[[TestNGContentHandler] [WARN] It is strongly recommended to add "<!DOCTYPE suite SYSTEM "https://testng.org/testng-1.0.dtd" >" at the top of the suite file [C:\Users\Ganga\eclipse-workspace_jdk11\ShoppingApp.Adidas\testng.xml] otherwise TestNG may fail or not work as expected.
[Configuration] [WARN] Detected a static method [com.qa.base.BaseClass.startSuite()]. Static configuration methods can cause  unexpected behavior.
[Configuration] [WARN] Detected a static method [com.qa.base.BaseClass.startTest()]. Static configuration methods can cause  unexpected behavior.
[Configuration] [WARN] Detected a static method [com.qa.tests.SampleTest.initiateDrivers()]. Static configuration methods can cause  unexpected behavior.
Starting the appium server....
2021-06-18 03:18:24.676
---------------------------------------------------------------------------
&amp#27;[35m[Appium]&amp#27;[39m Welcome to Appium v1.21.0
&amp#27;[35m[Appium]&amp#27;[39m Non-default server args:
&amp#27;[35m[Appium]&amp#27;[39m   address: 127.0.0.1
&amp#27;[35m[Appium]&amp#27;[39m   port: 4728
&amp#27;[35m[Appium]&amp#27;[39m   logFile: E:\Appium's packages\AppiumLog.txt
&amp#27;[35m[Appium]&amp#27;[39m Appium REST http interface listener started on 127.0.0.1:4728
&amp#27;[35m[HTTP]&amp#27;[39m &amp#27;[37m-->&amp#27;[39m &amp#27;[37mGET&amp#27;[39m &amp#27;[37m/wd/hub/status&amp#27;[39m
&amp#27;[35m[HTTP]&amp#27;[39m &amp#27;[90m{}&amp#27;[39m
[debug] &amp#27;[35m[GENERIC]&amp#27;[39m Calling AppiumDriver.getStatus() with args: []
[debug] &amp#27;[35m[GENERIC]&amp#27;[39m Responding to client with driver.getStatus() result: {"build":{"version":"1.21.0"}}
&amp#27;[35m[HTTP]&amp#27;[39m &amp#27;[37m<-- GET /wd/hub/status &amp#27;[39m&amp#27;[32m200&amp#27;[39m &amp#27;[90m10 ms - 68&amp#27;[39m
&amp#27;[35m[HTTP]&amp#27;[39m &amp#27;[90m&amp#27;[39m
06-18-2021 03:18:35 BaseClass.java INFO  [main] devpinoyLogger 44 - Test Started successfully
06-18-2021 03:18:35 BaseClass.java INFO  [main] devpinoyLogger 46 - Initializing the Config.properties file
06-18-2021 03:18:35 BaseClass.java INFO  [main] devpinoyLogger 57 - Properties file loaded successfully:
[debug] &amp#27;[35m[HTTP]&amp#27;[39m Request idempotency key: 57030ef9-d30a-4d35-8231-bf78a28a949d
&amp#27;[35m[HTTP]&amp#27;[39m &amp#27;[37m-->&amp#27;[39m &amp#27;[37mPOST&amp#27;[39m &amp#27;[37m/wd/hub/session&amp#27;[39m
&amp#27;[35m[HTTP]&amp#27;[39m &amp#27;[90m{"desiredCapabilities":{"app":"C:\\Users\\Ganga\\eclipse-workspace_jdk11\\ShoppingApp.Adidas\\src\\test\\resources\\apps\\app-debug.apk","newCommandTimeout":60,"platformVersion":"11","automationName":"UiAutomator2","platformName":"Android","udid":"emulator-5554","deviceName":"Pixel_3a_API_29"},"capabilities":{"firstMatch":[{"appium:app":"C:\\Users\\Ganga\\eclipse-workspace_jdk11\\ShoppingApp.Adidas\\src\\test\\resources\\apps\\app-debug.apk","appium:automationName":"UiAutomator2","appium:deviceName":"Pixel_3a_API_29","appium:newCommandTimeout":60,"platformName":"android","appium:platformVersion":"11","appium:udid":"emulator-5554"}]}}&amp#27;[39m
[debug] &amp#27;[35m[W3C]&amp#27;[39m Calling AppiumDriver.createSession() with args: [{"app":"C:\\Users\\Ganga\\eclipse-workspace_jdk11\\ShoppingApp.Adidas\\src\\test\\resources\\apps\\app-debug.apk","newCommandTimeout":60,"platformVersion":"11","automationName":"UiAutomator2","platformName":"Android","udid":"emulator-5554","deviceName":"Pixel_3a_API_29"},null,{"firstMatch":[{"appium:app":"C:\\Users\\Ganga\\eclipse-workspace_jdk11\\ShoppingApp.Adidas\\src\\test\\resources\\apps\\app-debug.apk","appium:automationName":"UiAutomator2","appium:deviceName":"Pixel_3a_API_29","appium:newCommandTimeout":60,"platformName":"android","appium:platformVersion":"11","appium:udid":"emulator-5554"}]}]
[debug] &amp#27;[35m[BaseDriver]&amp#27;[39m Event 'newSessionRequested' logged at 1623979116612 (03:18:36 GMT+0200 (Central European Summer Time))
&amp#27;[35m[Appium]&amp#27;[39m Appium v1.21.0 creating new AndroidUiautomator2Driver (v1.65.0) session
[debug] &amp#27;[35m[BaseDriver]&amp#27;[39m W3C capabilities and MJSONWP desired capabilities were provided
[debug] &amp#27;[35m[BaseDriver]&amp#27;[39m Creating session with W3C capabilities: {
[debug] &amp#27;[35m[BaseDriver]&amp#27;[39m   "alwaysMatch": {
[debug] &amp#27;[35m[BaseDriver]&amp#27;[39m     "platformName": "android",
[debug] &amp#27;[35m[BaseDriver]&amp#27;[39m     "appium:app": "C:\\Users\\Ganga\\eclipse-workspace_jdk11\\ShoppingApp.Adidas\\src\\test\\resources\\apps\\app-debug.apk",
[debug] &amp#27;[35m[BaseDriver]&amp#27;[39m     "appium:automationName": "UiAutomator2",
[debug] &amp#27;[35m[BaseDriver]&amp#27;[39m     "appium:deviceName": "Pixel_3a_API_29",
[debug] &amp#27;[35m[BaseDriver]&amp#27;[39m     "appium:newCommandTimeout": 60,
[debug] &amp#27;[35m[BaseDriver]&amp#27;[39m     "appium:platformVersion": "11",
[debug] &amp#27;[35m[BaseDriver]&amp#27;[39m     "appium:udid": "emulator-5554"
[debug] &amp#27;[35m[BaseDriver]&amp#27;[39m   },
[debug] &amp#27;[35m[BaseDriver]&amp#27;[39m   "firstMatch": [
[debug] &amp#27;[35m[BaseDriver]&amp#27;[39m     {}
[debug] &amp#27;[35m[BaseDriver]&amp#27;[39m   ]
[debug] &amp#27;[35m[BaseDriver]&amp#27;[39m }
&amp#27;[35m[BaseDriver]&amp#27;[39m Session created with session id: fc593ef5-c53d-46aa-b4fc-7cabb7e42545
&amp#27;[35m[BaseDriver]&amp#27;[39m Using local app 'C:\Users\Ganga\eclipse-workspace_jdk11\ShoppingApp.Adidas\src\test\resources\apps\app-debug.apk'
[debug] &amp#27;[35m[UiAutomator2]&amp#27;[39m Checking whether app is actually present
&amp#27;[35m[ADB]&amp#27;[39m Found 1 'build-tools' folders under 'C:\Users\Ganga\AppData\Local\Android\Sdk' (newest first):
&amp#27;[35m[ADB]&amp#27;[39m     C:/Users/Ganga/AppData/Local/Android/Sdk/build-tools/30.0.3
&amp#27;[35m[ADB]&amp#27;[39m Using 'adb.exe' from 'C:\Users\Ganga\AppData\Local\Android\Sdk\platform-tools\adb.exe'
[debug] &amp#27;[35m[ADB]&amp#27;[39m Running 'C:\Users\Ganga\AppData\Local\Android\Sdk\platform-tools\adb.exe -P 5037 start-server'
&amp#27;[35m[AndroidDriver]&amp#27;[39m Retrieving device list
[debug] &amp#27;[35m[ADB]&amp#27;[39m Trying to find a connected android device
[debug] &amp#27;[35m[ADB]&amp#27;[39m Getting connected devices
[debug] &amp#27;[35m[ADB]&amp#27;[39m Connected devices: [{"udid":"emulator-5554","state":"device"}]
&amp#27;[35m[AndroidDriver]&amp#27;[39m Using device: emulator-5554
&amp#27;[35m[ADB]&amp#27;[39m Using 'adb.exe' from 'C:\Users\Ganga\AppData\Local\Android\Sdk\platform-tools\adb.exe'
[debug] &amp#27;[35m[ADB]&amp#27;[39m Running 'C:\Users\Ganga\AppData\Local\Android\Sdk\platform-tools\adb.exe -P 5037 start-server'
[debug] &amp#27;[35m[ADB]&amp#27;[39m Setting device id to emulator-5554
[debug] &amp#27;[35m[ADB]&amp#27;[39m Running 'C:\Users\Ganga\AppData\Local\Android\Sdk\platform-tools\adb.exe -P 5037 -s emulator-5554 shell getprop ro.build.version.sdk'
[debug] &amp#27;[35m[ADB]&amp#27;[39m Current device property 'ro.build.version.sdk': 29
&amp#27;[35m[ADB]&amp#27;[39m Getting device platform version
[debug] &amp#27;[35m[ADB]&amp#27;[39m Running 'C:\Users\Ganga\AppData\Local\Android\Sdk\platform-tools\adb.exe -P 5037 -s emulator-5554 shell getprop ro.build.version.release'
[debug] &amp#27;[35m[ADB]&amp#27;[39m Current device property 'ro.build.version.release': 10
[debug] &amp#27;[35m[ADB]&amp#27;[39m Device API level: 29
&amp#27;[35m[UiAutomator2]&amp#27;[39m Relaxing hidden api policy
[debug] &amp#27;[35m[ADB]&amp#27;[39m Running 'C:\Users\Ganga\AppData\Local\Android\Sdk\platform-tools\adb.exe -P 5037 -s emulator-5554 shell 'settings put global hidden_api_policy_pre_p_apps 1;settings put global hidden_api_policy_p_apps 1;settings put global hidden_api_policy 1''
[debug] &amp#27;[35m[AndroidDriver]&amp#27;[39m Parsing package and activity from app manifest
&amp#27;[35m[ADB]&amp#27;[39m Package name: 'com.example.challenge'
&amp#27;[35m[ADB]&amp#27;[39m Main activity name: 'com.example.challenge.MainActivity'
[debug] &amp#27;[35m[AndroidDriver]&amp#27;[39m Parsed package and activity are: com.example.challenge/com.example.challenge.MainActivity
[debug] &amp#27;[35m[ADB]&amp#27;[39m Running 'C:\Users\Ganga\AppData\Local\Android\Sdk\platform-tools\adb.exe -P 5037 -s emulator-5554 wait-for-device'
[debug] &amp#27;[35m[ADB]&amp#27;[39m Running 'C:\Users\Ganga\AppData\Local\Android\Sdk\platform-tools\adb.exe -P 5037 -s emulator-5554 shell echo ping'
[debug] &amp#27;[35m[AndroidDriver]&amp#27;[39m Pushing settings apk to device...
[debug] &amp#27;[35m[ADB]&amp#27;[39m Getting install status for io.appium.settings
[debug] &amp#27;[35m[ADB]&amp#27;[39m Running 'C:\Users\Ganga\AppData\Local\Android\Sdk\platform-tools\adb.exe -P 5037 -s emulator-5554 shell dumpsys package io.appium.settings'
[debug] &amp#27;[35m[ADB]&amp#27;[39m 'io.appium.settings' is installed
[debug] &amp#27;[35m[ADB]&amp#27;[39m Getting package info for 'io.appium.settings'
[debug] &amp#27;[35m[ADB]&amp#27;[39m Running 'C:\Users\Ganga\AppData\Local\Android\Sdk\platform-tools\adb.exe -P 5037 -s emulator-5554 shell dumpsys package io.appium.settings'
[debug] &amp#27;[35m[ADB]&amp#27;[39m The version name of the installed 'io.appium.settings' is greater or equal to the application version name ('3.3.0' >= '3.3.0')
[debug] &amp#27;[35m[ADB]&amp#27;[39m There is no need to install/upgrade 'C:\Users\Ganga\AppData\Roaming\npm\node_modules\appium\node_modules\io.appium.settings\apks\settings_apk-debug.apk'
[debug] &amp#27;[35m[ADB]&amp#27;[39m Getting IDs of all 'io.appium.settings' processes
[debug] &amp#27;[35m[ADB]&amp#27;[39m Running 'C:\Users\Ganga\AppData\Local\Android\Sdk\platform-tools\adb.exe -P 5037 -s emulator-5554 shell 'pgrep --help; echo $?''
[debug] &amp#27;[35m[ADB]&amp#27;[39m Running 'C:\Users\Ganga\AppData\Local\Android\Sdk\platform-tools\adb.exe -P 5037 -s emulator-5554 shell pgrep -f \(\[\[:blank:\]\]\|\^\)io\.appium\.settings\(\[\[:blank:\]\]\|\$\)'
[debug] &amp#27;[35m[AndroidDriver]&amp#27;[39m io.appium.settings is already running. There is no need to reset its permissions.
[debug] &amp#27;[35m[Logcat]&amp#27;[39m Starting logs capture with command: C:\\Users\\Ganga\\AppData\\Local\\Android\\Sdk\\platform-tools\\adb.exe -P 5037 -s emulator-5554 logcat -v threadtime
[debug] &amp#27;[35m[UiAutomator2]&amp#27;[39m Forwarding UiAutomator2 Server port 6790 to local port 8201
[debug] &amp#27;[35m[ADB]&amp#27;[39m Forwarding system: 8201 to device: 6790
[debug] &amp#27;[35m[ADB]&amp#27;[39m Running 'C:\Users\Ganga\AppData\Local\Android\Sdk\platform-tools\adb.exe -P 5037 -s emulator-5554 forward tcp:8201 tcp:6790'
[debug] &amp#27;[35m[ADB]&amp#27;[39m Getting install status for io.appium.uiautomator2.server
[debug] &amp#27;[35m[ADB]&amp#27;[39m Running 'C:\Users\Ganga\AppData\Local\Android\Sdk\platform-tools\adb.exe -P 5037 -s emulator-5554 shell dumpsys package io.appium.uiautomator2.server'
[debug] &amp#27;[35m[ADB]&amp#27;[39m 'io.appium.uiautomator2.server' is installed
[debug] &amp#27;[35m[ADB]&amp#27;[39m Getting package info for 'io.appium.uiautomator2.server'
[debug] &amp#27;[35m[ADB]&amp#27;[39m Running 'C:\Users\Ganga\AppData\Local\Android\Sdk\platform-tools\adb.exe -P 5037 -s emulator-5554 shell dumpsys package io.appium.uiautomator2.server'
[debug] &amp#27;[35m[ADB]&amp#27;[39m The version name of the installed 'io.appium.uiautomator2.server' is greater or equal to the application version name ('4.21.1' >= '4.21.1')
[debug] &amp#27;[35m[UiAutomator2]&amp#27;[39m io.appium.uiautomator2.server installation state: sameVersionInstalled
[debug] &amp#27;[35m[ADB]&amp#27;[39m Checking app cert for C:\Users\Ganga\AppData\Roaming\npm\node_modules\appium\node_modules\appium-uiautomator2-server\apks\appium-uiautomator2-server-v4.21.1.apk
&amp#27;[35m[ADB]&amp#27;[39m Using 'apksigner.jar' from 'C:\Users\Ganga\AppData\Local\Android\Sdk\build-tools\30.0.3\lib\apksigner.jar'
[debug] &amp#27;[35m[ADB]&amp#27;[39m Starting apksigner: 'C:\\Program Files\\Java\\jdk1.8.0_291\\bin\\java.exe' -Xmx1024M -Xss1m -jar C:\\Users\\Ganga\\AppData\\Local\\Android\\Sdk\\build-tools\\30.0.3\\lib\\apksigner.jar verify --print-certs C:\\Users\\Ganga\\AppData\\Roaming\\npm\\node_modules\\appium\\node_modules\\appium-uiautomator2-server\\apks\\appium-uiautomator2-server-v4.21.1.apk
[debug] &amp#27;[35m[ADB]&amp#27;[39m apksigner stdout: Signer #1 certificate DN: EMAILADDRESS=android@android.com, CN=Android, OU=Android, O=Android, L=Mountain View, ST=California, C=US
[debug] &amp#27;[35m[ADB]&amp#27;[39m Signer #1 certificate SHA-256 digest: a40da80a59d170caa950cf15c18c454d47a39b26989d8b640ecd745ba71bf5dc
[debug] &amp#27;[35m[ADB]&amp#27;[39m Signer #1 certificate SHA-1 digest: 61ed377e85d386a8dfee6b864bd85b0bfaa5af81
[debug] &amp#27;[35m[ADB]&amp#27;[39m Signer #1 certificate MD5 digest: e89b158e4bcf988ebd09eb83f5378e87
[debug] &amp#27;[35m[ADB]&amp#27;[39m 
[debug] &amp#27;[35m[ADB]&amp#27;[39m sha256 hash did match for 'appium-uiautomator2-server-v4.21.1.apk'
&amp#27;[35m[ADB]&amp#27;[39m 'C:\Users\Ganga\AppData\Roaming\npm\node_modules\appium\node_modules\appium-uiautomator2-server\apks\appium-uiautomator2-server-v4.21.1.apk' is signed with the default certificate
[debug] &amp#27;[35m[ADB]&amp#27;[39m Getting install status for io.appium.uiautomator2.server.test
[debug] &amp#27;[35m[ADB]&amp#27;[39m Running 'C:\Users\Ganga\AppData\Local\Android\Sdk\platform-tools\adb.exe -P 5037 -s emulator-5554 shell dumpsys package io.appium.uiautomator2.server.test'
[debug] &amp#27;[35m[ADB]&amp#27;[39m 'io.appium.uiautomator2.server.test' is installed
[debug] &amp#27;[35m[ADB]&amp#27;[39m Checking app cert for C:\Users\Ganga\AppData\Roaming\npm\node_modules\appium\node_modules\appium-uiautomator2-server\apks\appium-uiautomator2-server-debug-androidTest.apk
[debug] &amp#27;[35m[ADB]&amp#27;[39m Starting apksigner: 'C:\\Program Files\\Java\\jdk1.8.0_291\\bin\\java.exe' -Xmx1024M -Xss1m -jar C:\\Users\\Ganga\\AppData\\Local\\Android\\Sdk\\build-tools\\30.0.3\\lib\\apksigner.jar verify --print-certs C:\\Users\\Ganga\\AppData\\Roaming\\npm\\node_modules\\appium\\node_modules\\appium-uiautomator2-server\\apks\\appium-uiautomator2-server-debug-androidTest.apk
[debug] &amp#27;[35m[ADB]&amp#27;[39m apksigner stdout: Signer #1 certificate DN: EMAILADDRESS=android@android.com, CN=Android, OU=Android, O=Android, L=Mountain View, ST=California, C=US
[debug] &amp#27;[35m[ADB]&amp#27;[39m Signer #1 certificate SHA-256 digest: a40da80a59d170caa950cf15c18c454d47a39b26989d8b640ecd745ba71bf5dc
[debug] &amp#27;[35m[ADB]&amp#27;[39m Signer #1 certificate SHA-1 digest: 61ed377e85d386a8dfee6b864bd85b0bfaa5af81
[debug] &amp#27;[35m[ADB]&amp#27;[39m Signer #1 certificate MD5 digest: e89b158e4bcf988ebd09eb83f5378e87
[debug] &amp#27;[35m[ADB]&amp#27;[39m 
[debug] &amp#27;[35m[ADB]&amp#27;[39m sha256 hash did match for 'appium-uiautomator2-server-debug-androidTest.apk'
&amp#27;[35m[ADB]&amp#27;[39m 'C:\Users\Ganga\AppData\Roaming\npm\node_modules\appium\node_modules\appium-uiautomator2-server\apks\appium-uiautomator2-server-debug-androidTest.apk' is signed with the default certificate
&amp#27;[35m[UiAutomator2]&amp#27;[39m Server packages are not going to be (re)installed
[debug] &amp#27;[35m[UiAutomator2]&amp#27;[39m Waiting up to 30000ms for services to be available
[debug] &amp#27;[35m[ADB]&amp#27;[39m Running 'C:\Users\Ganga\AppData\Local\Android\Sdk\platform-tools\adb.exe -P 5037 -s emulator-5554 shell pm list instrumentation'
[debug] &amp#27;[35m[UiAutomator2]&amp#27;[39m Instrumentation target 'io.appium.uiautomator2.server.test/androidx.test.runner.AndroidJUnitRunner' is available
&amp#27;[35m[ADB]&amp#27;[39m Adding packages ["io.appium.settings","io.appium.uiautomator2.server","io.appium.uiautomator2.server.test"] to Doze whitelist
[debug] &amp#27;[35m[ADB]&amp#27;[39m Got the following command chunks to execute: [["dumpsys","deviceidle","whitelist","+io.appium.settings",";","dumpsys","deviceidle","whitelist","+io.appium.uiautomator2.server",";","dumpsys","deviceidle","whitelist","+io.appium.uiautomator2.server.test",";"]]
[debug] &amp#27;[35m[ADB]&amp#27;[39m Running 'C:\Users\Ganga\AppData\Local\Android\Sdk\platform-tools\adb.exe -P 5037 -s emulator-5554 shell dumpsys deviceidle whitelist +io.appium.settings ; dumpsys deviceidle whitelist +io.appium.uiautomator2.server ; dumpsys deviceidle whitelist +io.appium.uiautomator2.server.test ;'
[debug] &amp#27;[35m[ADB]&amp#27;[39m Checking app cert for C:\Users\Ganga\eclipse-workspace_jdk11\ShoppingApp.Adidas\src\test\resources\apps\app-debug.apk
[debug] &amp#27;[35m[ADB]&amp#27;[39m Starting apksigner: 'C:\\Program Files\\Java\\jdk1.8.0_291\\bin\\java.exe' -Xmx1024M -Xss1m -jar C:\\Users\\Ganga\\AppData\\Local\\Android\\Sdk\\build-tools\\30.0.3\\lib\\apksigner.jar verify --print-certs C:\\Users\\Ganga\\eclipse-workspace_jdk11\\ShoppingApp.Adidas\\src\\test\\resources\\apps\\app-debug.apk
[debug] &amp#27;[35m[ADB]&amp#27;[39m apksigner stdout: Signer #1 certificate DN: C=US, O=Android, CN=Android Debug
[debug] &amp#27;[35m[ADB]&amp#27;[39m Signer #1 certificate SHA-256 digest: 6dc2640f3e07a25d96fa17821ce2c95a8fb800143d31310ba6bb961cc7f4b225
[debug] &amp#27;[35m[ADB]&amp#27;[39m Signer #1 certificate SHA-1 digest: 1deecfb656ca004f41ca9ca77d5a6806eda878b9
[debug] &amp#27;[35m[ADB]&amp#27;[39m Signer #1 certificate MD5 digest: 913a93e0fe22d5e04928d503e1482b99
[debug] &amp#27;[35m[ADB]&amp#27;[39m 
&amp#27;[35m[ADB]&amp#27;[39m 'C:\Users\Ganga\eclipse-workspace_jdk11\ShoppingApp.Adidas\src\test\resources\apps\app-debug.apk' is signed with a non-default certificate
[debug] &amp#27;[35m[ADB]&amp#27;[39m Getting install status for com.example.challenge
[debug] &amp#27;[35m[ADB]&amp#27;[39m Running 'C:\Users\Ganga\AppData\Local\Android\Sdk\platform-tools\adb.exe -P 5037 -s emulator-5554 shell dumpsys package com.example.challenge'
[debug] &amp#27;[35m[ADB]&amp#27;[39m 'com.example.challenge' is installed
[debug] &amp#27;[35m[ADB]&amp#27;[39m Getting package info for 'com.example.challenge'
[debug] &amp#27;[35m[ADB]&amp#27;[39m Running 'C:\Users\Ganga\AppData\Local\Android\Sdk\platform-tools\adb.exe -P 5037 -s emulator-5554 shell dumpsys package com.example.challenge'
[debug] &amp#27;[35m[ADB]&amp#27;[39m The version name of the installed 'com.example.challenge' is greater or equal to the application version name ('1.0.0' >= '1.0.0')
[debug] &amp#27;[35m[ADB]&amp#27;[39m There is no need to install/upgrade 'C:\Users\Ganga\eclipse-workspace_jdk11\ShoppingApp.Adidas\src\test\resources\apps\app-debug.apk'
&amp#27;[35m[AndroidDriver]&amp#27;[39m Performing fast reset on 'com.example.challenge'
[debug] &amp#27;[35m[ADB]&amp#27;[39m Getting install status for com.example.challenge
[debug] &amp#27;[35m[ADB]&amp#27;[39m Running 'C:\Users\Ganga\AppData\Local\Android\Sdk\platform-tools\adb.exe -P 5037 -s emulator-5554 shell dumpsys package com.example.challenge'
[debug] &amp#27;[35m[ADB]&amp#27;[39m 'com.example.challenge' is installed
[debug] &amp#27;[35m[ADB]&amp#27;[39m Running 'C:\Users\Ganga\AppData\Local\Android\Sdk\platform-tools\adb.exe -P 5037 -s emulator-5554 shell am force-stop com.example.challenge'
[debug] &amp#27;[35m[ADB]&amp#27;[39m Running 'C:\Users\Ganga\AppData\Local\Android\Sdk\platform-tools\adb.exe -P 5037 -s emulator-5554 shell pm clear com.example.challenge'
[debug] &amp#27;[35m[AndroidDriver]&amp#27;[39m Performed fast reset on the installed 'com.example.challenge' application (stop and clear)
[debug] &amp#27;[35m[UiAutomator2]&amp#27;[39m Performing shallow cleanup of automation leftovers
[debug] &amp#27;[35m[UiAutomator2]&amp#27;[39m The following obsolete sessions are still running: [null]
[debug] &amp#27;[35m[UiAutomator2]&amp#27;[39m Cleaning up the obsolete sessions
[debug] &amp#27;[35m[ADB]&amp#27;[39m Running 'C:\Users\Ganga\AppData\Local\Android\Sdk\platform-tools\adb.exe -P 5037 -s emulator-5554 shell am force-stop io.appium.uiautomator2.server.test'
&amp#27;[35m[UiAutomator2]&amp#27;[39m Starting UIAutomator2 server 4.21.1
&amp#27;[35m[UiAutomator2]&amp#27;[39m Using UIAutomator2 server from 'C:\Users\Ganga\AppData\Roaming\npm\node_modules\appium\node_modules\appium-uiautomator2-server\apks\appium-uiautomator2-server-v4.21.1.apk' and test from 'C:\Users\Ganga\AppData\Roaming\npm\node_modules\appium\node_modules\appium-uiautomator2-server\apks\appium-uiautomator2-server-debug-androidTest.apk'
&amp#27;[35m[UiAutomator2]&amp#27;[39m Waiting up to 30000ms for UiAutomator2 to be online...
[debug] &amp#27;[35m[ADB]&amp#27;[39m Creating ADB subprocess with args: ["-P",5037,"-s","emulator-5554","shell","am","instrument","-w","-e","disableAnalytics",true,"io.appium.uiautomator2.server.test/androidx.test.runner.AndroidJUnitRunner"]
[debug] &amp#27;[35m[WD Proxy]&amp#27;[39m Matched '/status' to command name 'getStatus'
[debug] &amp#27;[35m[WD Proxy]&amp#27;[39m Proxying [GET /status] to [GET http://127.0.0.1:8201/wd/hub/status] with no body
&amp#27;[35m[WD Proxy]&amp#27;[39m socket hang up
[debug] &amp#27;[35m[Instrumentation]&amp#27;[39m io.appium.uiautomator2.server.test.AppiumUiAutomator2Server:
[debug] &amp#27;[35m[WD Proxy]&amp#27;[39m Matched '/status' to command name 'getStatus'
[debug] &amp#27;[35m[WD Proxy]&amp#27;[39m Proxying [GET /status] to [GET http://127.0.0.1:8201/wd/hub/status] with no body
&amp#27;[35m[WD Proxy]&amp#27;[39m socket hang up
[debug] &amp#27;[35m[WD Proxy]&amp#27;[39m Matched '/status' to command name 'getStatus'
[debug] &amp#27;[35m[WD Proxy]&amp#27;[39m Proxying [GET /status] to [GET http://127.0.0.1:8201/wd/hub/status] with no body
[debug] &amp#27;[35m[WD Proxy]&amp#27;[39m Got response with status 200: {"sessionId":"None","value":{"message":"UiAutomator2 Server is ready to accept commands","ready":true}}
[debug] &amp#27;[35m[UiAutomator2]&amp#27;[39m The initialization of the instrumentation process took 2140ms
[debug] &amp#27;[35m[WD Proxy]&amp#27;[39m Matched '/session' to command name 'createSession'
[debug] &amp#27;[35m[WD Proxy]&amp#27;[39m Proxying [POST /session] to [POST http://127.0.0.1:8201/wd/hub/session] with body: {"capabilities":{"firstMatch":[{"platform":"LINUX","webStorageEnabled":false,"takesScreenshot":true,"javascriptEnabled":true,"databaseEnabled":false,"networkConnectionEnabled":true,"locationContextEnabled":false,"warnings":{},"desired":{"platformName":"android","app":"C:\\Users\\Ganga\\eclipse-workspace_jdk11\\ShoppingApp.Adidas\\src\\test\\resources\\apps\\app-debug.apk","automationName":"UiAutomator2","deviceName":"Pixel_3a_API_29","newCommandTimeout":60,"platformVersion":"11","udid":"emulator-5554"},"platformName":"android","app":"C:\\Users\\Ganga\\eclipse-workspace_jdk11\\ShoppingApp.Adidas\\src\\test\\resources\\apps\\app-debug.apk","automationName":"UiAutomator2","deviceName":"emulator-5554","newCommandTimeout":60,"platformVersion":"11","udid":"emulator-5554","deviceUDID":"emulator-5554","appPackage":"com.example.challenge"}],"alwaysMatch":{}}}
[debug] &amp#27;[35m[WD Proxy]&amp#27;[39m Got response with status 200: {"sessionId":"c705d445-752f-4a4f-814a-01700db2f6a8","value":{"capabilities":{"firstMatch":[{"platform":"LINUX","webStorageEnabled":false,"takesScreenshot":true,"javascriptEnabled":true,"databaseEnabled":false,"networkConnectionEnabled":true,"locationContextEnabled":false,"warnings":{},"desired":{"platformName":"android","app":"C:\\Users\\Ganga\\eclipse-workspace_jdk11\\ShoppingApp.Adidas\\src\\test\\resources\\apps\\app-debug.apk","automationName":"UiAutomator2","deviceName":"Pixel_3a_API_29","newCommandTimeout":60,"platformVersion":"11","udid":"emulator-5554"},"platformName":"android","app":"C:\\Users\\Ganga\\eclipse-workspace_jdk11\\ShoppingApp.Adidas\\src\\test\\resources\\apps\\app-debug.apk","automationName":"UiAutomator2","deviceName":"emulator-5554","newCommandTimeout":60,"platformVersion":"11","udid":"emulator-5554","deviceUDID":"emulator-5554","appPackage":"com.example.challenge"}],"alwaysMatch":{}},"sessionId":"c705d445-752f-4a4f-814a-01700db2f6a8"}}
&amp#27;[35m[WD Proxy]&amp#27;[39m Determined the downstream protocol as 'W3C'
[debug] &amp#27;[35m[WD Proxy]&amp#27;[39m Proxying [GET /appium/device/info] to [GET http://127.0.0.1:8201/wd/hub/session/c705d445-752f-4a4f-814a-01700db2f6a8/appium/device/info] with no body
[debug] &amp#27;[35m[WD Proxy]&amp#27;[39m Got response with status 200: {"sessionId":"c705d445-752f-4a4f-814a-01700db2f6a8","value":{"androidId":"e62a7cce646f9a0e","apiVersion":"29","bluetooth":null,"brand":"google","carrierName":"Android","displayDensity":440,"locale":"en_US","manufacturer":"Google","model":"Android SDK built for x86","networks":[{"capabilities":{"SSID":null,"linkDownBandwidthKbps":102400,"linkUpstreamBandwidthKbps":51200,"networkCapabilities":"NET_CAPABILITY_MMS,NET_CAPABILITY_SUPL,NET_CAPABILITY_DUN,NET_CAPABILITY_FOTA,NET_CAPABILITY_IMS,NET_CAPABILITY_CBS,NET_CAPABILITY_INTERNET,NET_CAPABILITY_NOT_RESTRICTED,NET_CAPABILITY_TRUSTED,NET_CAPABILITY_NOT_VPN,NET_CAPABILITY_VALIDATED,NET_CAPABILITY_NOT_ROAMING,NET_CAPABILITY_NOT_CONGESTED,NET_CAPABILITY_NOT_SUSPENDED","signalStrength":-2147483648,"transportTypes":"TRANSPORT_CELLULAR"},"detailedState":"CONNECTED","extraInfo":"epc.tmobile.com","isAvailable":true,"isConnected":true,"isFailover":false,"isRoaming":false,"state":"CONNECTED","subtype":13,"subtypeName":"LTE","type":0,"typeName":"MOBILE"},{"capabilities"...
[debug] &amp#27;[35m[ADB]&amp#27;[39m Running 'C:\Users\Ganga\AppData\Local\Android\Sdk\platform-tools\adb.exe -P 5037 -s emulator-5554 shell dumpsys window'
&amp#27;[35m[AndroidDriver]&amp#27;[39m Screen already unlocked, doing nothing
&amp#27;[35m[UiAutomator2]&amp#27;[39m Starting 'com.example.challenge/com.example.challenge.MainActivity and waiting for 'com.example.challenge/com.example.challenge.MainActivity'
[debug] &amp#27;[35m[ADB]&amp#27;[39m Running 'C:\Users\Ganga\AppData\Local\Android\Sdk\platform-tools\adb.exe -P 5037 -s emulator-5554 shell am start -W -n com.example.challenge/com.example.challenge.MainActivity -S -a android.intent.action.MAIN -c android.intent.category.LAUNCHER -f 0x10200000'
[debug] &amp#27;[35m[ADB]&amp#27;[39m Waiting up to 20000ms for activity matching pkg: 'com.example.challenge' and activity: 'com.example.challenge.MainActivity' to be focused
[debug] &amp#27;[35m[ADB]&amp#27;[39m Possible activities, to be checked: 'com.example.challenge.MainActivity', 'com.example.challenge.com.example.challenge.MainActivity'
[debug] &amp#27;[35m[ADB]&amp#27;[39m Getting focused package and activity
[debug] &amp#27;[35m[ADB]&amp#27;[39m Running 'C:\Users\Ganga\AppData\Local\Android\Sdk\platform-tools\adb.exe -P 5037 -s emulator-5554 shell dumpsys window displays'
[debug] &amp#27;[35m[ADB]&amp#27;[39m Found package: 'com.example.challenge' and fully qualified activity name : 'com.example.challenge.MainActivity'
[debug] &amp#27;[35m[WD Proxy]&amp#27;[39m Proxying [GET /appium/device/pixel_ratio] to [GET http://127.0.0.1:8201/wd/hub/session/c705d445-752f-4a4f-814a-01700db2f6a8/appium/device/pixel_ratio] with no body
[debug] &amp#27;[35m[WD Proxy]&amp#27;[39m Got response with status 200: {"sessionId":"c705d445-752f-4a4f-814a-01700db2f6a8","value":2.75}
[debug] &amp#27;[35m[WD Proxy]&amp#27;[39m Matched '/appium/device/system_bars' to command name 'getSystemBars'
[debug] &amp#27;[35m[WD Proxy]&amp#27;[39m Proxying [GET /appium/device/system_bars] to [GET http://127.0.0.1:8201/wd/hub/session/c705d445-752f-4a4f-814a-01700db2f6a8/appium/device/system_bars] with no body
[debug] &amp#27;[35m[WD Proxy]&amp#27;[39m Got response with status 200: {"sessionId":"c705d445-752f-4a4f-814a-01700db2f6a8","value":{"statusBar":66}}
[debug] &amp#27;[35m[WD Proxy]&amp#27;[39m Matched '/window/current/size' to command name 'getWindowSize'
[debug] &amp#27;[35m[WD Proxy]&amp#27;[39m Proxying [GET /window/current/size] to [GET http://127.0.0.1:8201/wd/hub/session/c705d445-752f-4a4f-814a-01700db2f6a8/window/current/size] with no body
[debug] &amp#27;[35m[WD Proxy]&amp#27;[39m Got response with status 200: {"sessionId":"c705d445-752f-4a4f-814a-01700db2f6a8","value":{"height":2088,"width":1080}}
&amp#27;[35m[Appium]&amp#27;[39m New AndroidUiautomator2Driver session created successfully, session fc593ef5-c53d-46aa-b4fc-7cabb7e42545 added to master session list
[debug] &amp#27;[35m[BaseDriver]&amp#27;[39m Event 'newSessionStarted' logged at 1623979125213 (03:18:45 GMT+0200 (Central European Summer Time))
[debug] &amp#27;[35m[W3C (fc593ef5)]&amp#27;[39m Cached the protocol value 'W3C' for the new session fc593ef5-c53d-46aa-b4fc-7cabb7e42545
[debug] &amp#27;[35m[W3C (fc593ef5)]&amp#27;[39m Responding to client with driver.createSession() result: {"capabilities":{"platform":"LINUX","webStorageEnabled":false,"takesScreenshot":true,"javascriptEnabled":true,"databaseEnabled":false,"networkConnectionEnabled":true,"locationContextEnabled":false,"warnings":{},"desired":{"platformName":"android","app":"C:\\Users\\Ganga\\eclipse-workspace_jdk11\\ShoppingApp.Adidas\\src\\test\\resources\\apps\\app-debug.apk","automationName":"UiAutomator2","deviceName":"Pixel_3a_API_29","newCommandTimeout":60,"platformVersion":"11","udid":"emulator-5554"},"platformName":"android","app":"C:\\Users\\Ganga\\eclipse-workspace_jdk11\\ShoppingApp.Adidas\\src\\test\\resources\\apps\\app-debug.apk","automationName":"UiAutomator2","deviceName":"emulator-5554","newCommandTimeout":60,"platformVersion":"10","udid":"emulator-5554","deviceUDID":"emulator-5554","appPackage":"com.example.challenge","deviceApiLevel":29,"deviceScreenSize":"1080x2220","deviceScreenDensity":440,"deviceModel":"Android SDK built for x86","deviceManufacturer":"Google","pixelRatio":2.75,"statBarHeight":66,"viewpor...
&amp#27;[35m[HTTP]&amp#27;[39m &amp#27;[37m<-- POST /wd/hub/session &amp#27;[39m&amp#27;[32m200&amp#27;[39m &amp#27;[90m8608 ms - 1137&amp#27;[39m
&amp#27;[35m[HTTP]&amp#27;[39m &amp#27;[90m&amp#27;[39m
06-18-2021 03:18:45 BaseClass.java INFO  [main] devpinoyLogger 113 - Driver declared successfully : io.appium.java_client.android.AndroidDriver, Capabilities: {app=C:\Users\Ganga\eclipse-workspace_jdk11\ShoppingApp.Adidas\src\test\resources\apps\app-debug.apk, appPackage=com.example.challenge, automationName=UiAutomator2, databaseEnabled=false, desired={platformName=android, app=C:\Users\Ganga\eclipse-workspace_jdk11\ShoppingApp.Adidas\src\test\resources\apps\app-debug.apk, automationName=UiAutomator2, deviceName=Pixel_3a_API_29, newCommandTimeout=60, platformVersion=11, udid=emulator-5554}, deviceApiLevel=29, deviceManufacturer=Google, deviceModel=Android SDK built for x86, deviceName=emulator-5554, deviceScreenDensity=440, deviceScreenSize=1080x2220, deviceUDID=emulator-5554, javascriptEnabled=true, locationContextEnabled=false, networkConnectionEnabled=true, newCommandTimeout=60, pixelRatio=2.75, platform=LINUX, platformName=Android, platformVersion=10, statBarHeight=66, takesScreenshot=true, udid=emulator-5554, viewportRect={left=0, top=66, width=1080, height=2022}, warnings={}, webStorageEnabled=false}
&amp#27;[35m[HTTP]&amp#27;[39m &amp#27;[37m-->&amp#27;[39m &amp#27;[37mPOST&amp#27;[39m &amp#27;[37m/wd/hub/session/fc593ef5-c53d-46aa-b4fc-7cabb7e42545/timeouts&amp#27;[39m
&amp#27;[35m[HTTP]&amp#27;[39m &amp#27;[90m{"implicit":10000}&amp#27;[39m
[debug] &amp#27;[35m[W3C (fc593ef5)]&amp#27;[39m Calling AppiumDriver.timeouts() with args: [null,null,null,null,10000,"fc593ef5-c53d-46aa-b4fc-7cabb7e42545"]
[debug] &amp#27;[35m[BaseDriver]&amp#27;[39m W3C timeout argument: {"implicit":10000}}
[debug] &amp#27;[35m[BaseDriver]&amp#27;[39m Set implicit wait to 10000ms
[debug] &amp#27;[35m[W3C (fc593ef5)]&amp#27;[39m Responding to client with driver.timeouts() result: null
&amp#27;[35m[HTTP]&amp#27;[39m &amp#27;[37m<-- POST /wd/hub/session/fc593ef5-c53d-46aa-b4fc-7cabb7e42545/timeouts &amp#27;[39m&amp#27;[32m200&amp#27;[39m &amp#27;[90m5 ms - 14&amp#27;[39m
&amp#27;[35m[HTTP]&amp#27;[39m &amp#27;[90m&amp#27;[39m
06-18-2021 03:18:45 BaseClass.java INFO  [main] devpinoyLogger 89 - Initializing the Extent Report
&amp#27;[35m[HTTP]&amp#27;[39m &amp#27;[37m-->&amp#27;[39m &amp#27;[37mGET&amp#27;[39m &amp#27;[37m/wd/hub/session/fc593ef5-c53d-46aa-b4fc-7cabb7e42545/context&amp#27;[39m
&amp#27;[35m[HTTP]&amp#27;[39m &amp#27;[90m{}&amp#27;[39m
[debug] &amp#27;[35m[W3C (fc593ef5)]&amp#27;[39m Calling AppiumDriver.getCurrentContext() with args: ["fc593ef5-c53d-46aa-b4fc-7cabb7e42545"]
[debug] &amp#27;[35m[W3C (fc593ef5)]&amp#27;[39m Responding to client with driver.getCurrentContext() result: "NATIVE_APP"
&amp#27;[35m[HTTP]&amp#27;[39m &amp#27;[37m<-- GET /wd/hub/session/fc593ef5-c53d-46aa-b4fc-7cabb7e42545/context &amp#27;[39m&amp#27;[32m200&amp#27;[39m &amp#27;[90m9 ms - 22&amp#27;[39m
&amp#27;[35m[HTTP]&amp#27;[39m &amp#27;[90m&amp#27;[39m
&amp#27;[35m[HTTP]&amp#27;[39m &amp#27;[37m-->&amp#27;[39m &amp#27;[37mPOST&amp#27;[39m &amp#27;[37m/wd/hub/session/fc593ef5-c53d-46aa-b4fc-7cabb7e42545/element&amp#27;[39m
&amp#27;[35m[HTTP]&amp#27;[39m &amp#27;[90m{"using":"id","value":"com.example.challenge:id/productName"}&amp#27;[39m
[debug] &amp#27;[35m[W3C (fc593ef5)]&amp#27;[39m Calling AppiumDriver.findElement() with args: ["id","com.example.challenge:id/productName","fc593ef5-c53d-46aa-b4fc-7cabb7e42545"]
[debug] &amp#27;[35m[BaseDriver]&amp#27;[39m Valid locator strategies for this request: xpath, id, class name, accessibility id, css selector, -android uiautomator
[debug] &amp#27;[35m[BaseDriver]&amp#27;[39m Waiting up to 10000 ms for condition
[debug] &amp#27;[35m[WD Proxy]&amp#27;[39m Matched '/element' to command name 'findElement'
[debug] &amp#27;[35m[WD Proxy]&amp#27;[39m Proxying [POST /element] to [POST http://127.0.0.1:8201/wd/hub/session/c705d445-752f-4a4f-814a-01700db2f6a8/element] with body: {"strategy":"id","selector":"com.example.challenge:id/productName","context":"","multiple":false}
[debug] &amp#27;[35m[WD Proxy]&amp#27;[39m Got response with status 200: {"sessionId":"c705d445-752f-4a4f-814a-01700db2f6a8","value":{"ELEMENT":"76569f5f-841e-42c3-848f-77710c7b1a81","element-6066-11e4-a52e-4f735466cecf":"76569f5f-841e-42c3-848f-77710c7b1a81"}}
[debug] &amp#27;[35m[W3C (fc593ef5)]&amp#27;[39m Responding to client with driver.findElement() result: {"element-6066-11e4-a52e-4f735466cecf":"76569f5f-841e-42c3-848f-77710c7b1a81","ELEMENT":"76569f5f-841e-42c3-848f-77710c7b1a81"}
&amp#27;[35m[HTTP]&amp#27;[39m &amp#27;[37m<-- POST /wd/hub/session/fc593ef5-c53d-46aa-b4fc-7cabb7e42545/element &amp#27;[39m&amp#27;[32m200&amp#27;[39m &amp#27;[90m468 ms - 137&amp#27;[39m
&amp#27;[35m[HTTP]&amp#27;[39m &amp#27;[90m&amp#27;[39m
&amp#27;[35m[HTTP]&amp#27;[39m &amp#27;[37m-->&amp#27;[39m &amp#27;[37mGET&amp#27;[39m &amp#27;[37m/wd/hub/session/fc593ef5-c53d-46aa-b4fc-7cabb7e42545/element/76569f5f-841e-42c3-848f-77710c7b1a81/text&amp#27;[39m
&amp#27;[35m[HTTP]&amp#27;[39m &amp#27;[90m{}&amp#27;[39m
&amp#27;[35m[W3C (fc593ef5)]&amp#27;[39m Driver proxy active, passing request on via HTTP proxy
[debug] &amp#27;[35m[WD Proxy]&amp#27;[39m Matched '/wd/hub/session/fc593ef5-c53d-46aa-b4fc-7cabb7e42545/element/76569f5f-841e-42c3-848f-77710c7b1a81/text' to command name 'getText'
[debug] &amp#27;[35m[WD Proxy]&amp#27;[39m Proxying [GET /wd/hub/session/fc593ef5-c53d-46aa-b4fc-7cabb7e42545/element/76569f5f-841e-42c3-848f-77710c7b1a81/text] to [GET http://127.0.0.1:8201/wd/hub/session/c705d445-752f-4a4f-814a-01700db2f6a8/element/76569f5f-841e-42c3-848f-77710c7b1a81/text] with no body
[debug] &amp#27;[35m[WD Proxy]&amp#27;[39m Got response with status 200: {"sessionId":"c705d445-752f-4a4f-814a-01700db2f6a8","value":"product"}
&amp#27;[35m[WD Proxy]&amp#27;[39m Replacing sessionId c705d445-752f-4a4f-814a-01700db2f6a8 with fc593ef5-c53d-46aa-b4fc-7cabb7e42545
&amp#27;[35m[HTTP]&amp#27;[39m &amp#27;[37m<-- GET /wd/hub/session/fc593ef5-c53d-46aa-b4fc-7cabb7e42545/element/76569f5f-841e-42c3-848f-77710c7b1a81/text &amp#27;[39m&amp#27;[32m200&amp#27;[39m &amp#27;[90m22 ms - 70&amp#27;[39m
&amp#27;[35m[HTTP]&amp#27;[39m &amp#27;[90m&amp#27;[39m
&amp#27;[35m[HTTP]&amp#27;[39m &amp#27;[37m-->&amp#27;[39m &amp#27;[37mGET&amp#27;[39m &amp#27;[37m/wd/hub/session/fc593ef5-c53d-46aa-b4fc-7cabb7e42545/context&amp#27;[39m
&amp#27;[35m[HTTP]&amp#27;[39m &amp#27;[90m{}&amp#27;[39m
[debug] &amp#27;[35m[W3C (fc593ef5)]&amp#27;[39m Calling AppiumDriver.getCurrentContext() with args: ["fc593ef5-c53d-46aa-b4fc-7cabb7e42545"]
[debug] &amp#27;[35m[W3C (fc593ef5)]&amp#27;[39m Responding to client with driver.getCurrentContext() result: "NATIVE_APP"
&amp#27;[35m[HTTP]&amp#27;[39m &amp#27;[37m<-- GET /wd/hub/session/fc593ef5-c53d-46aa-b4fc-7cabb7e42545/context &amp#27;[39m&amp#27;[32m200&amp#27;[39m &amp#27;[90m4 ms - 22&amp#27;[39m
&amp#27;[35m[HTTP]&amp#27;[39m &amp#27;[90m&amp#27;[39m
&amp#27;[35m[HTTP]&amp#27;[39m &amp#27;[37m-->&amp#27;[39m &amp#27;[37mPOST&amp#27;[39m &amp#27;[37m/wd/hub/session/fc593ef5-c53d-46aa-b4fc-7cabb7e42545/element&amp#27;[39m
&amp#27;[35m[HTTP]&amp#27;[39m &amp#27;[90m{"using":"xpath","value":"//*[@content-desc=\"More options\"]//following::android.widget.TextView[@text=\"product\"]"}&amp#27;[39m
[debug] &amp#27;[35m[W3C (fc593ef5)]&amp#27;[39m Calling AppiumDriver.findElement() with args: ["xpath","//*[@content-desc=\"More options\"]//following::android.widget.TextView[@text=\"product\"]","fc593ef5-c53d-46aa-b4fc-7cabb7e42545"]
[debug] &amp#27;[35m[BaseDriver]&amp#27;[39m Valid locator strategies for this request: xpath, id, class name, accessibility id, css selector, -android uiautomator
[debug] &amp#27;[35m[BaseDriver]&amp#27;[39m Waiting up to 10000 ms for condition
[debug] &amp#27;[35m[WD Proxy]&amp#27;[39m Matched '/element' to command name 'findElement'
[debug] &amp#27;[35m[WD Proxy]&amp#27;[39m Proxying [POST /element] to [POST http://127.0.0.1:8201/wd/hub/session/c705d445-752f-4a4f-814a-01700db2f6a8/element] with body: {"strategy":"xpath","selector":"//*[@content-desc=\"More options\"]//following::android.widget.TextView[@text=\"product\"]","context":"","multiple":false}
[debug] &amp#27;[35m[WD Proxy]&amp#27;[39m Got response with status 200: {"sessionId":"c705d445-752f-4a4f-814a-01700db2f6a8","value":{"ELEMENT":"6a1a2322-34e9-4390-9832-023c84bec47e","element-6066-11e4-a52e-4f735466cecf":"6a1a2322-34e9-4390-9832-023c84bec47e"}}
[debug] &amp#27;[35m[W3C (fc593ef5)]&amp#27;[39m Responding to client with driver.findElement() result: {"element-6066-11e4-a52e-4f735466cecf":"6a1a2322-34e9-4390-9832-023c84bec47e","ELEMENT":"6a1a2322-34e9-4390-9832-023c84bec47e"}
&amp#27;[35m[HTTP]&amp#27;[39m &amp#27;[37m<-- POST /wd/hub/session/fc593ef5-c53d-46aa-b4fc-7cabb7e42545/element &amp#27;[39m&amp#27;[32m200&amp#27;[39m &amp#27;[90m112 ms - 137&amp#27;[39m
&amp#27;[35m[HTTP]&amp#27;[39m &amp#27;[90m&amp#27;[39m
&amp#27;[35m[HTTP]&amp#27;[39m &amp#27;[37m-->&amp#27;[39m &amp#27;[37mGET&amp#27;[39m &amp#27;[37m/wd/hub/session/fc593ef5-c53d-46aa-b4fc-7cabb7e42545/element/6a1a2322-34e9-4390-9832-023c84bec47e/text&amp#27;[39m
&amp#27;[35m[HTTP]&amp#27;[39m &amp#27;[90m{}&amp#27;[39m
&amp#27;[35m[W3C (fc593ef5)]&amp#27;[39m Driver proxy active, passing request on via HTTP proxy
[debug] &amp#27;[35m[WD Proxy]&amp#27;[39m Matched '/wd/hub/session/fc593ef5-c53d-46aa-b4fc-7cabb7e42545/element/6a1a2322-34e9-4390-9832-023c84bec47e/text' to command name 'getText'
[debug] &amp#27;[35m[WD Proxy]&amp#27;[39m Proxying [GET /wd/hub/session/fc593ef5-c53d-46aa-b4fc-7cabb7e42545/element/6a1a2322-34e9-4390-9832-023c84bec47e/text] to [GET http://127.0.0.1:8201/wd/hub/session/c705d445-752f-4a4f-814a-01700db2f6a8/element/6a1a2322-34e9-4390-9832-023c84bec47e/text] with no body
[debug] &amp#27;[35m[WD Proxy]&amp#27;[39m Got response with status 200: {"sessionId":"c705d445-752f-4a4f-814a-01700db2f6a8","value":"product"}
&amp#27;[35m[WD Proxy]&amp#27;[39m Replacing sessionId c705d445-752f-4a4f-814a-01700db2f6a8 with fc593ef5-c53d-46aa-b4fc-7cabb7e42545
&amp#27;[35m[HTTP]&amp#27;[39m &amp#27;[37m<-- GET /wd/hub/session/fc593ef5-c53d-46aa-b4fc-7cabb7e42545/element/6a1a2322-34e9-4390-9832-023c84bec47e/text &amp#27;[39m&amp#27;[32m200&amp#27;[39m &amp#27;[90m25 ms - 70&amp#27;[39m
&amp#27;[35m[HTTP]&amp#27;[39m &amp#27;[90m&amp#27;[39m
&amp#27;[35m[HTTP]&amp#27;[39m &amp#27;[37m-->&amp#27;[39m &amp#27;[37mGET&amp#27;[39m &amp#27;[37m/wd/hub/session/fc593ef5-c53d-46aa-b4fc-7cabb7e42545/context&amp#27;[39m
&amp#27;[35m[HTTP]&amp#27;[39m &amp#27;[90m{}&amp#27;[39m
[debug] &amp#27;[35m[W3C (fc593ef5)]&amp#27;[39m Calling AppiumDriver.getCurrentContext() with args: ["fc593ef5-c53d-46aa-b4fc-7cabb7e42545"]
[debug] &amp#27;[35m[W3C (fc593ef5)]&amp#27;[39m Responding to client with driver.getCurrentContext() result: "NATIVE_APP"
&amp#27;[35m[HTTP]&amp#27;[39m &amp#27;[37m<-- GET /wd/hub/session/fc593ef5-c53d-46aa-b4fc-7cabb7e42545/context &amp#27;[39m&amp#27;[32m200&amp#27;[39m &amp#27;[90m5 ms - 22&amp#27;[39m
&amp#27;[35m[HTTP]&amp#27;[39m &amp#27;[90m&amp#27;[39m
&amp#27;[35m[HTTP]&amp#27;[39m &amp#27;[37m-->&amp#27;[39m &amp#27;[37mPOST&amp#27;[39m &amp#27;[37m/wd/hub/session/fc593ef5-c53d-46aa-b4fc-7cabb7e42545/element&amp#27;[39m
&amp#27;[35m[HTTP]&amp#27;[39m &amp#27;[90m{"using":"xpath","value":"//*[@content-desc=\"More options\"]//following::android.widget.TextView[@text=\"product\"]"}&amp#27;[39m
[debug] &amp#27;[35m[W3C (fc593ef5)]&amp#27;[39m Calling AppiumDriver.findElement() with args: ["xpath","//*[@content-desc=\"More options\"]//following::android.widget.TextView[@text=\"product\"]","fc593ef5-c53d-46aa-b4fc-7cabb7e42545"]
[debug] &amp#27;[35m[BaseDriver]&amp#27;[39m Valid locator strategies for this request: xpath, id, class name, accessibility id, css selector, -android uiautomator
[debug] &amp#27;[35m[BaseDriver]&amp#27;[39m Waiting up to 10000 ms for condition
[debug] &amp#27;[35m[WD Proxy]&amp#27;[39m Matched '/element' to command name 'findElement'
[debug] &amp#27;[35m[WD Proxy]&amp#27;[39m Proxying [POST /element] to [POST http://127.0.0.1:8201/wd/hub/session/c705d445-752f-4a4f-814a-01700db2f6a8/element] with body: {"strategy":"xpath","selector":"//*[@content-desc=\"More options\"]//following::android.widget.TextView[@text=\"product\"]","context":"","multiple":false}
[debug] &amp#27;[35m[WD Proxy]&amp#27;[39m Got response with status 200: {"sessionId":"c705d445-752f-4a4f-814a-01700db2f6a8","value":{"ELEMENT":"60d8d537-3ede-4dbc-aaac-e4292bfd4e18","element-6066-11e4-a52e-4f735466cecf":"60d8d537-3ede-4dbc-aaac-e4292bfd4e18"}}
[debug] &amp#27;[35m[W3C (fc593ef5)]&amp#27;[39m Responding to client with driver.findElement() result: {"element-6066-11e4-a52e-4f735466cecf":"60d8d537-3ede-4dbc-aaac-e4292bfd4e18","ELEMENT":"60d8d537-3ede-4dbc-aaac-e4292bfd4e18"}
&amp#27;[35m[HTTP]&amp#27;[39m &amp#27;[37m<-- POST /wd/hub/session/fc593ef5-c53d-46aa-b4fc-7cabb7e42545/element &amp#27;[39m&amp#27;[32m200&amp#27;[39m &amp#27;[90m43 ms - 137&amp#27;[39m
&amp#27;[35m[HTTP]&amp#27;[39m &amp#27;[90m&amp#27;[39m
&amp#27;[35m[HTTP]&amp#27;[39m &amp#27;[37m-->&amp#27;[39m &amp#27;[37mPOST&amp#27;[39m &amp#27;[37m/wd/hub/session/fc593ef5-c53d-46aa-b4fc-7cabb7e42545/element/60d8d537-3ede-4dbc-aaac-e4292bfd4e18/click&amp#27;[39m
&amp#27;[35m[HTTP]&amp#27;[39m &amp#27;[90m{"id":"60d8d537-3ede-4dbc-aaac-e4292bfd4e18"}&amp#27;[39m
[debug] &amp#27;[35m[W3C (fc593ef5)]&amp#27;[39m Calling AppiumDriver.click() with args: ["60d8d537-3ede-4dbc-aaac-e4292bfd4e18","fc593ef5-c53d-46aa-b4fc-7cabb7e42545"]
[debug] &amp#27;[35m[WD Proxy]&amp#27;[39m Matched '/element/60d8d537-3ede-4dbc-aaac-e4292bfd4e18/click' to command name 'click'
[debug] &amp#27;[35m[WD Proxy]&amp#27;[39m Proxying [POST /element/60d8d537-3ede-4dbc-aaac-e4292bfd4e18/click] to [POST http://127.0.0.1:8201/wd/hub/session/c705d445-752f-4a4f-814a-01700db2f6a8/element/60d8d537-3ede-4dbc-aaac-e4292bfd4e18/click] with body: {"element":"60d8d537-3ede-4dbc-aaac-e4292bfd4e18"}
[debug] &amp#27;[35m[WD Proxy]&amp#27;[39m Got response with status 200: {"sessionId":"c705d445-752f-4a4f-814a-01700db2f6a8","value":null}
[debug] &amp#27;[35m[W3C (fc593ef5)]&amp#27;[39m Responding to client with driver.click() result: null
&amp#27;[35m[HTTP]&amp#27;[39m &amp#27;[37m<-- POST /wd/hub/session/fc593ef5-c53d-46aa-b4fc-7cabb7e42545/element/60d8d537-3ede-4dbc-aaac-e4292bfd4e18/click &amp#27;[39m&amp#27;[32m200&amp#27;[39m &amp#27;[90m45 ms - 14&amp#27;[39m
&amp#27;[35m[HTTP]&amp#27;[39m &amp#27;[90m&amp#27;[39m
06-18-2021 03:18:46 SampleTest.java INFO  [main] devpinoyLogger 41 - Selected a product from the product list page
&amp#27;[35m[HTTP]&amp#27;[39m &amp#27;[37m-->&amp#27;[39m &amp#27;[37mGET&amp#27;[39m &amp#27;[37m/wd/hub/session/fc593ef5-c53d-46aa-b4fc-7cabb7e42545/context&amp#27;[39m
&amp#27;[35m[HTTP]&amp#27;[39m &amp#27;[90m{}&amp#27;[39m
[debug] &amp#27;[35m[W3C (fc593ef5)]&amp#27;[39m Calling AppiumDriver.getCurrentContext() with args: ["fc593ef5-c53d-46aa-b4fc-7cabb7e42545"]
[debug] &amp#27;[35m[W3C (fc593ef5)]&amp#27;[39m Responding to client with driver.getCurrentContext() result: "NATIVE_APP"
&amp#27;[35m[HTTP]&amp#27;[39m &amp#27;[37m<-- GET /wd/hub/session/fc593ef5-c53d-46aa-b4fc-7cabb7e42545/context &amp#27;[39m&amp#27;[32m200&amp#27;[39m &amp#27;[90m2 ms - 22&amp#27;[39m
&amp#27;[35m[HTTP]&amp#27;[39m &amp#27;[90m&amp#27;[39m
&amp#27;[35m[HTTP]&amp#27;[39m &amp#27;[37m-->&amp#27;[39m &amp#27;[37mPOST&amp#27;[39m &amp#27;[37m/wd/hub/session/fc593ef5-c53d-46aa-b4fc-7cabb7e42545/element&amp#27;[39m
&amp#27;[35m[HTTP]&amp#27;[39m &amp#27;[90m{"using":"accessibility id","value":"TODO"}&amp#27;[39m
[debug] &amp#27;[35m[W3C (fc593ef5)]&amp#27;[39m Calling AppiumDriver.findElement() with args: ["accessibility id","TODO","fc593ef5-c53d-46aa-b4fc-7cabb7e42545"]
[debug] &amp#27;[35m[BaseDriver]&amp#27;[39m Valid locator strategies for this request: xpath, id, class name, accessibility id, css selector, -android uiautomator
[debug] &amp#27;[35m[BaseDriver]&amp#27;[39m Waiting up to 10000 ms for condition
[debug] &amp#27;[35m[WD Proxy]&amp#27;[39m Matched '/element' to command name 'findElement'
[debug] &amp#27;[35m[WD Proxy]&amp#27;[39m Proxying [POST /element] to [POST http://127.0.0.1:8201/wd/hub/session/c705d445-752f-4a4f-814a-01700db2f6a8/element] with body: {"strategy":"accessibility id","selector":"TODO","context":"","multiple":false}
[debug] &amp#27;[35m[WD Proxy]&amp#27;[39m Got response with status 200: {"sessionId":"c705d445-752f-4a4f-814a-01700db2f6a8","value":{"ELEMENT":"579c129e-9953-4341-821b-9e63e53efa8d","element-6066-11e4-a52e-4f735466cecf":"579c129e-9953-4341-821b-9e63e53efa8d"}}
[debug] &amp#27;[35m[W3C (fc593ef5)]&amp#27;[39m Responding to client with driver.findElement() result: {"element-6066-11e4-a52e-4f735466cecf":"579c129e-9953-4341-821b-9e63e53efa8d","ELEMENT":"579c129e-9953-4341-821b-9e63e53efa8d"}
&amp#27;[35m[HTTP]&amp#27;[39m &amp#27;[37m<-- POST /wd/hub/session/fc593ef5-c53d-46aa-b4fc-7cabb7e42545/element &amp#27;[39m&amp#27;[32m200&amp#27;[39m &amp#27;[90m889 ms - 137&amp#27;[39m
&amp#27;[35m[HTTP]&amp#27;[39m &amp#27;[90m&amp#27;[39m
&amp#27;[35m[HTTP]&amp#27;[39m &amp#27;[37m-->&amp#27;[39m &amp#27;[37mPOST&amp#27;[39m &amp#27;[37m/wd/hub/session/fc593ef5-c53d-46aa-b4fc-7cabb7e42545/element/579c129e-9953-4341-821b-9e63e53efa8d/click&amp#27;[39m
&amp#27;[35m[HTTP]&amp#27;[39m &amp#27;[90m{"id":"579c129e-9953-4341-821b-9e63e53efa8d"}&amp#27;[39m
[debug] &amp#27;[35m[W3C (fc593ef5)]&amp#27;[39m Calling AppiumDriver.click() with args: ["579c129e-9953-4341-821b-9e63e53efa8d","fc593ef5-c53d-46aa-b4fc-7cabb7e42545"]
[debug] &amp#27;[35m[WD Proxy]&amp#27;[39m Matched '/element/579c129e-9953-4341-821b-9e63e53efa8d/click' to command name 'click'
[debug] &amp#27;[35m[WD Proxy]&amp#27;[39m Proxying [POST /element/579c129e-9953-4341-821b-9e63e53efa8d/click] to [POST http://127.0.0.1:8201/wd/hub/session/c705d445-752f-4a4f-814a-01700db2f6a8/element/579c129e-9953-4341-821b-9e63e53efa8d/click] with body: {"element":"579c129e-9953-4341-821b-9e63e53efa8d"}
[debug] &amp#27;[35m[WD Proxy]&amp#27;[39m Got response with status 200: {"sessionId":"c705d445-752f-4a4f-814a-01700db2f6a8","value":null}
[debug] &amp#27;[35m[W3C (fc593ef5)]&amp#27;[39m Responding to client with driver.click() result: null
&amp#27;[35m[HTTP]&amp#27;[39m &amp#27;[37m<-- POST /wd/hub/session/fc593ef5-c53d-46aa-b4fc-7cabb7e42545/element/579c129e-9953-4341-821b-9e63e53efa8d/click &amp#27;[39m&amp#27;[32m200&amp#27;[39m &amp#27;[90m80 ms - 14&amp#27;[39m
&amp#27;[35m[HTTP]&amp#27;[39m &amp#27;[90m&amp#27;[39m
06-18-2021 03:18:47 SampleTest.java INFO  [main] devpinoyLogger 49 - ADD REVIEW button clicked
&amp#27;[35m[HTTP]&amp#27;[39m &amp#27;[37m-->&amp#27;[39m &amp#27;[37mGET&amp#27;[39m &amp#27;[37m/wd/hub/session/fc593ef5-c53d-46aa-b4fc-7cabb7e42545/context&amp#27;[39m
&amp#27;[35m[HTTP]&amp#27;[39m &amp#27;[90m{}&amp#27;[39m
[debug] &amp#27;[35m[W3C (fc593ef5)]&amp#27;[39m Calling AppiumDriver.getCurrentContext() with args: ["fc593ef5-c53d-46aa-b4fc-7cabb7e42545"]
[debug] &amp#27;[35m[W3C (fc593ef5)]&amp#27;[39m Responding to client with driver.getCurrentContext() result: "NATIVE_APP"
&amp#27;[35m[HTTP]&amp#27;[39m &amp#27;[37m<-- GET /wd/hub/session/fc593ef5-c53d-46aa-b4fc-7cabb7e42545/context &amp#27;[39m&amp#27;[32m200&amp#27;[39m &amp#27;[90m3 ms - 22&amp#27;[39m
&amp#27;[35m[HTTP]&amp#27;[39m &amp#27;[90m&amp#27;[39m
&amp#27;[35m[HTTP]&amp#27;[39m &amp#27;[37m-->&amp#27;[39m &amp#27;[37mPOST&amp#27;[39m &amp#27;[37m/wd/hub/session/fc593ef5-c53d-46aa-b4fc-7cabb7e42545/element&amp#27;[39m
&amp#27;[35m[HTTP]&amp#27;[39m &amp#27;[90m{"using":"id","value":"com.example.challenge:id/reviewDetails"}&amp#27;[39m
[debug] &amp#27;[35m[W3C (fc593ef5)]&amp#27;[39m Calling AppiumDriver.findElement() with args: ["id","com.example.challenge:id/reviewDetails","fc593ef5-c53d-46aa-b4fc-7cabb7e42545"]
[debug] &amp#27;[35m[BaseDriver]&amp#27;[39m Valid locator strategies for this request: xpath, id, class name, accessibility id, css selector, -android uiautomator
[debug] &amp#27;[35m[BaseDriver]&amp#27;[39m Waiting up to 10000 ms for condition
[debug] &amp#27;[35m[WD Proxy]&amp#27;[39m Matched '/element' to command name 'findElement'
[debug] &amp#27;[35m[WD Proxy]&amp#27;[39m Proxying [POST /element] to [POST http://127.0.0.1:8201/wd/hub/session/c705d445-752f-4a4f-814a-01700db2f6a8/element] with body: {"strategy":"id","selector":"com.example.challenge:id/reviewDetails","context":"","multiple":false}
[debug] &amp#27;[35m[WD Proxy]&amp#27;[39m Got response with status 200: {"sessionId":"c705d445-752f-4a4f-814a-01700db2f6a8","value":{"ELEMENT":"71a6a83c-7906-4562-9930-972d967c3e54","element-6066-11e4-a52e-4f735466cecf":"71a6a83c-7906-4562-9930-972d967c3e54"}}
[debug] &amp#27;[35m[W3C (fc593ef5)]&amp#27;[39m Responding to client with driver.findElement() result: {"element-6066-11e4-a52e-4f735466cecf":"71a6a83c-7906-4562-9930-972d967c3e54","ELEMENT":"71a6a83c-7906-4562-9930-972d967c3e54"}
&amp#27;[35m[HTTP]&amp#27;[39m &amp#27;[37m<-- POST /wd/hub/session/fc593ef5-c53d-46aa-b4fc-7cabb7e42545/element &amp#27;[39m&amp#27;[32m200&amp#27;[39m &amp#27;[90m95 ms - 137&amp#27;[39m
&amp#27;[35m[HTTP]&amp#27;[39m &amp#27;[90m&amp#27;[39m
&amp#27;[35m[HTTP]&amp#27;[39m &amp#27;[37m-->&amp#27;[39m &amp#27;[37mPOST&amp#27;[39m &amp#27;[37m/wd/hub/session/fc593ef5-c53d-46aa-b4fc-7cabb7e42545/element/71a6a83c-7906-4562-9930-972d967c3e54/value&amp#27;[39m
&amp#27;[35m[HTTP]&amp#27;[39m &amp#27;[90m{"id":"71a6a83c-7906-4562-9930-972d967c3e54","text":"Awsome!...Very comfortable and stylish.","value":["A","w","s","o","m","e","!",".",".",".","V","e","r","y"," ","c","o","m","f","o","r","t","a","b","l","e"," ","a","n","d"," ","s","t","y","l","i","s","h","."]}&amp#27;[39m
[debug] &amp#27;[35m[W3C (fc593ef5)]&amp#27;[39m Calling AppiumDriver.setValue() with args: [["A","w","s","o","m","e","!",".",".",".","V","e","r","y"," ","c","o","m","f","o","r","t","a","b","l","e"," ","a","n","d"," ","s","t","y","l","i","s","h","."],"71a6a83c-7906-4562-9930-972d967c3e54","fc593ef5-c53d-46aa-b4fc-7cabb7e42545"]
[debug] &amp#27;[35m[WD Proxy]&amp#27;[39m Matched '/element/71a6a83c-7906-4562-9930-972d967c3e54/value' to command name 'setValue'
[debug] &amp#27;[35m[Protocol Converter]&amp#27;[39m Added 'value' property ["A","w","s","o","m","e","!",".",".",".","V","e","r","y"," ","c","o","m","f","o","r","t","a","b","l","e"," ","a","n","d"," ","s","t","y","l","i","s","h","."] to 'setValue' request body
[debug] &amp#27;[35m[WD Proxy]&amp#27;[39m Proxying [POST /element/71a6a83c-7906-4562-9930-972d967c3e54/value] to [POST http://127.0.0.1:8201/wd/hub/session/c705d445-752f-4a4f-814a-01700db2f6a8/element/71a6a83c-7906-4562-9930-972d967c3e54/value] with body: {"elementId":"71a6a83c-7906-4562-9930-972d967c3e54","text":"Awsome!...Very comfortable and stylish.","replace":false,"value":["A","w","s","o","m","e","!",".",".",".","V","e","r","y"," ","c","o","m","f","o","r","t","a","b","l","e"," ","a","n","d"," ","s","t","y","l","i","s","h","."]}
[debug] &amp#27;[35m[WD Proxy]&amp#27;[39m Got response with status 200: {"sessionId":"c705d445-752f-4a4f-814a-01700db2f6a8","value":null}
[debug] &amp#27;[35m[W3C (fc593ef5)]&amp#27;[39m Responding to client with driver.setValue() result: null
&amp#27;[35m[HTTP]&amp#27;[39m &amp#27;[37m<-- POST /wd/hub/session/fc593ef5-c53d-46aa-b4fc-7cabb7e42545/element/71a6a83c-7906-4562-9930-972d967c3e54/value &amp#27;[39m&amp#27;[32m200&amp#27;[39m &amp#27;[90m588 ms - 14&amp#27;[39m
&amp#27;[35m[HTTP]&amp#27;[39m &amp#27;[90m&amp#27;[39m
06-18-2021 03:18:48 SampleTest.java INFO  [main] devpinoyLogger 53 - review added
&amp#27;[35m[HTTP]&amp#27;[39m &amp#27;[37m-->&amp#27;[39m &amp#27;[37mGET&amp#27;[39m &amp#27;[37m/wd/hub/session/fc593ef5-c53d-46aa-b4fc-7cabb7e42545/context&amp#27;[39m
&amp#27;[35m[HTTP]&amp#27;[39m &amp#27;[90m{}&amp#27;[39m
[debug] &amp#27;[35m[W3C (fc593ef5)]&amp#27;[39m Calling AppiumDriver.getCurrentContext() with args: ["fc593ef5-c53d-46aa-b4fc-7cabb7e42545"]
[debug] &amp#27;[35m[W3C (fc593ef5)]&amp#27;[39m Responding to client with driver.getCurrentContext() result: "NATIVE_APP"
&amp#27;[35m[HTTP]&amp#27;[39m &amp#27;[37m<-- GET /wd/hub/session/fc593ef5-c53d-46aa-b4fc-7cabb7e42545/context &amp#27;[39m&amp#27;[32m200&amp#27;[39m &amp#27;[90m3 ms - 22&amp#27;[39m
&amp#27;[35m[HTTP]&amp#27;[39m &amp#27;[90m&amp#27;[39m
&amp#27;[35m[HTTP]&amp#27;[39m &amp#27;[37m-->&amp#27;[39m &amp#27;[37mPOST&amp#27;[39m &amp#27;[37m/wd/hub/session/fc593ef5-c53d-46aa-b4fc-7cabb7e42545/element&amp#27;[39m
&amp#27;[35m[HTTP]&amp#27;[39m &amp#27;[90m{"using":"id","value":"com.example.challenge:id/reviewNumber"}&amp#27;[39m
[debug] &amp#27;[35m[W3C (fc593ef5)]&amp#27;[39m Calling AppiumDriver.findElement() with args: ["id","com.example.challenge:id/reviewNumber","fc593ef5-c53d-46aa-b4fc-7cabb7e42545"]
[debug] &amp#27;[35m[BaseDriver]&amp#27;[39m Valid locator strategies for this request: xpath, id, class name, accessibility id, css selector, -android uiautomator
[debug] &amp#27;[35m[BaseDriver]&amp#27;[39m Waiting up to 10000 ms for condition
[debug] &amp#27;[35m[WD Proxy]&amp#27;[39m Matched '/element' to command name 'findElement'
[debug] &amp#27;[35m[WD Proxy]&amp#27;[39m Proxying [POST /element] to [POST http://127.0.0.1:8201/wd/hub/session/c705d445-752f-4a4f-814a-01700db2f6a8/element] with body: {"strategy":"id","selector":"com.example.challenge:id/reviewNumber","context":"","multiple":false}
[debug] &amp#27;[35m[WD Proxy]&amp#27;[39m Got response with status 200: {"sessionId":"c705d445-752f-4a4f-814a-01700db2f6a8","value":{"ELEMENT":"5015d945-979f-4606-af9d-5d0b04053751","element-6066-11e4-a52e-4f735466cecf":"5015d945-979f-4606-af9d-5d0b04053751"}}
[debug] &amp#27;[35m[W3C (fc593ef5)]&amp#27;[39m Responding to client with driver.findElement() result: {"element-6066-11e4-a52e-4f735466cecf":"5015d945-979f-4606-af9d-5d0b04053751","ELEMENT":"5015d945-979f-4606-af9d-5d0b04053751"}
&amp#27;[35m[HTTP]&amp#27;[39m &amp#27;[37m<-- POST /wd/hub/session/fc593ef5-c53d-46aa-b4fc-7cabb7e42545/element &amp#27;[39m&amp#27;[32m200&amp#27;[39m &amp#27;[90m498 ms - 137&amp#27;[39m
&amp#27;[35m[HTTP]&amp#27;[39m &amp#27;[90m&amp#27;[39m
&amp#27;[35m[HTTP]&amp#27;[39m &amp#27;[37m-->&amp#27;[39m &amp#27;[37mPOST&amp#27;[39m &amp#27;[37m/wd/hub/session/fc593ef5-c53d-46aa-b4fc-7cabb7e42545/element/5015d945-979f-4606-af9d-5d0b04053751/click&amp#27;[39m
&amp#27;[35m[HTTP]&amp#27;[39m &amp#27;[90m{"id":"5015d945-979f-4606-af9d-5d0b04053751"}&amp#27;[39m
[debug] &amp#27;[35m[W3C (fc593ef5)]&amp#27;[39m Calling AppiumDriver.click() with args: ["5015d945-979f-4606-af9d-5d0b04053751","fc593ef5-c53d-46aa-b4fc-7cabb7e42545"]
[debug] &amp#27;[35m[WD Proxy]&amp#27;[39m Matched '/element/5015d945-979f-4606-af9d-5d0b04053751/click' to command name 'click'
[debug] &amp#27;[35m[WD Proxy]&amp#27;[39m Proxying [POST /element/5015d945-979f-4606-af9d-5d0b04053751/click] to [POST http://127.0.0.1:8201/wd/hub/session/c705d445-752f-4a4f-814a-01700db2f6a8/element/5015d945-979f-4606-af9d-5d0b04053751/click] with body: {"element":"5015d945-979f-4606-af9d-5d0b04053751"}
[debug] &amp#27;[35m[WD Proxy]&amp#27;[39m Got response with status 200: {"sessionId":"c705d445-752f-4a4f-814a-01700db2f6a8","value":null}
[debug] &amp#27;[35m[W3C (fc593ef5)]&amp#27;[39m Responding to client with driver.click() result: null
&amp#27;[35m[HTTP]&amp#27;[39m &amp#27;[37m<-- POST /wd/hub/session/fc593ef5-c53d-46aa-b4fc-7cabb7e42545/element/5015d945-979f-4606-af9d-5d0b04053751/click &amp#27;[39m&amp#27;[32m200&amp#27;[39m &amp#27;[90m50 ms - 14&amp#27;[39m
&amp#27;[35m[HTTP]&amp#27;[39m &amp#27;[90m&amp#27;[39m
&amp#27;[35m[HTTP]&amp#27;[39m &amp#27;[37m-->&amp#27;[39m &amp#27;[37mGET&amp#27;[39m &amp#27;[37m/wd/hub/session/fc593ef5-c53d-46aa-b4fc-7cabb7e42545/context&amp#27;[39m
&amp#27;[35m[HTTP]&amp#27;[39m &amp#27;[90m{}&amp#27;[39m
[debug] &amp#27;[35m[W3C (fc593ef5)]&amp#27;[39m Calling AppiumDriver.getCurrentContext() with args: ["fc593ef5-c53d-46aa-b4fc-7cabb7e42545"]
[debug] &amp#27;[35m[W3C (fc593ef5)]&amp#27;[39m Responding to client with driver.getCurrentContext() result: "NATIVE_APP"
&amp#27;[35m[HTTP]&amp#27;[39m &amp#27;[37m<-- GET /wd/hub/session/fc593ef5-c53d-46aa-b4fc-7cabb7e42545/context &amp#27;[39m&amp#27;[32m200&amp#27;[39m &amp#27;[90m5 ms - 22&amp#27;[39m
&amp#27;[35m[HTTP]&amp#27;[39m &amp#27;[90m&amp#27;[39m
&amp#27;[35m[HTTP]&amp#27;[39m &amp#27;[37m-->&amp#27;[39m &amp#27;[37mPOST&amp#27;[39m &amp#27;[37m/wd/hub/session/fc593ef5-c53d-46aa-b4fc-7cabb7e42545/element&amp#27;[39m
&amp#27;[35m[HTTP]&amp#27;[39m &amp#27;[90m{"using":"xpath","value":"/hierarchy/android.widget.FrameLayout/android.widget.FrameLayout/android.widget.ListView/android.widget.CheckedTextView[@text='5']"}&amp#27;[39m
[debug] &amp#27;[35m[W3C (fc593ef5)]&amp#27;[39m Calling AppiumDriver.findElement() with args: ["xpath","/hierarchy/android.widget.FrameLayout/android.widget.FrameLayout/android.widget.ListView/android.widget.CheckedTextView[@text='5']","fc593ef5-c53d-46aa-b4fc-7cabb7e42545"]
[debug] &amp#27;[35m[BaseDriver]&amp#27;[39m Valid locator strategies for this request: xpath, id, class name, accessibility id, css selector, -android uiautomator
[debug] &amp#27;[35m[BaseDriver]&amp#27;[39m Waiting up to 10000 ms for condition
[debug] &amp#27;[35m[WD Proxy]&amp#27;[39m Matched '/element' to command name 'findElement'
[debug] &amp#27;[35m[WD Proxy]&amp#27;[39m Proxying [POST /element] to [POST http://127.0.0.1:8201/wd/hub/session/c705d445-752f-4a4f-814a-01700db2f6a8/element] with body: {"strategy":"xpath","selector":"/hierarchy/android.widget.FrameLayout/android.widget.FrameLayout/android.widget.ListView/android.widget.CheckedTextView[@text='5']","context":"","multiple":false}
[debug] &amp#27;[35m[WD Proxy]&amp#27;[39m Got response with status 200: {"sessionId":"c705d445-752f-4a4f-814a-01700db2f6a8","value":{"ELEMENT":"610c8162-3f1d-40da-b758-5035a3d3b269","element-6066-11e4-a52e-4f735466cecf":"610c8162-3f1d-40da-b758-5035a3d3b269"}}
[debug] &amp#27;[35m[W3C (fc593ef5)]&amp#27;[39m Responding to client with driver.findElement() result: {"element-6066-11e4-a52e-4f735466cecf":"610c8162-3f1d-40da-b758-5035a3d3b269","ELEMENT":"610c8162-3f1d-40da-b758-5035a3d3b269"}
&amp#27;[35m[HTTP]&amp#27;[39m &amp#27;[37m<-- POST /wd/hub/session/fc593ef5-c53d-46aa-b4fc-7cabb7e42545/element &amp#27;[39m&amp#27;[32m200&amp#27;[39m &amp#27;[90m886 ms - 137&amp#27;[39m
&amp#27;[35m[HTTP]&amp#27;[39m &amp#27;[90m&amp#27;[39m
&amp#27;[35m[HTTP]&amp#27;[39m &amp#27;[37m-->&amp#27;[39m &amp#27;[37mPOST&amp#27;[39m &amp#27;[37m/wd/hub/session/fc593ef5-c53d-46aa-b4fc-7cabb7e42545/element/610c8162-3f1d-40da-b758-5035a3d3b269/click&amp#27;[39m
&amp#27;[35m[HTTP]&amp#27;[39m &amp#27;[90m{"id":"610c8162-3f1d-40da-b758-5035a3d3b269"}&amp#27;[39m
[debug] &amp#27;[35m[W3C (fc593ef5)]&amp#27;[39m Calling AppiumDriver.click() with args: ["610c8162-3f1d-40da-b758-5035a3d3b269","fc593ef5-c53d-46aa-b4fc-7cabb7e42545"]
[debug] &amp#27;[35m[WD Proxy]&amp#27;[39m Matched '/element/610c8162-3f1d-40da-b758-5035a3d3b269/click' to command name 'click'
[debug] &amp#27;[35m[WD Proxy]&amp#27;[39m Proxying [POST /element/610c8162-3f1d-40da-b758-5035a3d3b269/click] to [POST http://127.0.0.1:8201/wd/hub/session/c705d445-752f-4a4f-814a-01700db2f6a8/element/610c8162-3f1d-40da-b758-5035a3d3b269/click] with body: {"element":"610c8162-3f1d-40da-b758-5035a3d3b269"}
[debug] &amp#27;[35m[WD Proxy]&amp#27;[39m Got response with status 200: {"sessionId":"c705d445-752f-4a4f-814a-01700db2f6a8","value":null}
[debug] &amp#27;[35m[W3C (fc593ef5)]&amp#27;[39m Responding to client with driver.click() result: null
&amp#27;[35m[HTTP]&amp#27;[39m &amp#27;[37m<-- POST /wd/hub/session/fc593ef5-c53d-46aa-b4fc-7cabb7e42545/element/610c8162-3f1d-40da-b758-5035a3d3b269/click &amp#27;[39m&amp#27;[32m200&amp#27;[39m &amp#27;[90m673 ms - 14&amp#27;[39m
&amp#27;[35m[HTTP]&amp#27;[39m &amp#27;[90m&amp#27;[39m
06-18-2021 03:18:50 SampleTest.java INFO  [main] devpinoyLogger 58 - rating added
&amp#27;[35m[HTTP]&amp#27;[39m &amp#27;[37m-->&amp#27;[39m &amp#27;[37mGET&amp#27;[39m &amp#27;[37m/wd/hub/session/fc593ef5-c53d-46aa-b4fc-7cabb7e42545/context&amp#27;[39m
&amp#27;[35m[HTTP]&amp#27;[39m &amp#27;[90m{}&amp#27;[39m
[debug] &amp#27;[35m[W3C (fc593ef5)]&amp#27;[39m Calling AppiumDriver.getCurrentContext() with args: ["fc593ef5-c53d-46aa-b4fc-7cabb7e42545"]
[debug] &amp#27;[35m[W3C (fc593ef5)]&amp#27;[39m Responding to client with driver.getCurrentContext() result: "NATIVE_APP"
&amp#27;[35m[HTTP]&amp#27;[39m &amp#27;[37m<-- GET /wd/hub/session/fc593ef5-c53d-46aa-b4fc-7cabb7e42545/context &amp#27;[39m&amp#27;[32m200&amp#27;[39m &amp#27;[90m2 ms - 22&amp#27;[39m
&amp#27;[35m[HTTP]&amp#27;[39m &amp#27;[90m&amp#27;[39m
&amp#27;[35m[HTTP]&amp#27;[39m &amp#27;[37m-->&amp#27;[39m &amp#27;[37mPOST&amp#27;[39m &amp#27;[37m/wd/hub/session/fc593ef5-c53d-46aa-b4fc-7cabb7e42545/element&amp#27;[39m
&amp#27;[35m[HTTP]&amp#27;[39m &amp#27;[90m{"using":"id","value":"com.example.challenge:id/saveReview"}&amp#27;[39m
[debug] &amp#27;[35m[W3C (fc593ef5)]&amp#27;[39m Calling AppiumDriver.findElement() with args: ["id","com.example.challenge:id/saveReview","fc593ef5-c53d-46aa-b4fc-7cabb7e42545"]
[debug] &amp#27;[35m[BaseDriver]&amp#27;[39m Valid locator strategies for this request: xpath, id, class name, accessibility id, css selector, -android uiautomator
[debug] &amp#27;[35m[BaseDriver]&amp#27;[39m Waiting up to 10000 ms for condition
[debug] &amp#27;[35m[WD Proxy]&amp#27;[39m Matched '/element' to command name 'findElement'
[debug] &amp#27;[35m[WD Proxy]&amp#27;[39m Proxying [POST /element] to [POST http://127.0.0.1:8201/wd/hub/session/c705d445-752f-4a4f-814a-01700db2f6a8/element] with body: {"strategy":"id","selector":"com.example.challenge:id/saveReview","context":"","multiple":false}
[debug] &amp#27;[35m[WD Proxy]&amp#27;[39m Got response with status 200: {"sessionId":"c705d445-752f-4a4f-814a-01700db2f6a8","value":{"ELEMENT":"0b71e4bb-63db-480a-93ac-2c1c13ff70f9","element-6066-11e4-a52e-4f735466cecf":"0b71e4bb-63db-480a-93ac-2c1c13ff70f9"}}
[debug] &amp#27;[35m[W3C (fc593ef5)]&amp#27;[39m Responding to client with driver.findElement() result: {"element-6066-11e4-a52e-4f735466cecf":"0b71e4bb-63db-480a-93ac-2c1c13ff70f9","ELEMENT":"0b71e4bb-63db-480a-93ac-2c1c13ff70f9"}
&amp#27;[35m[HTTP]&amp#27;[39m &amp#27;[37m<-- POST /wd/hub/session/fc593ef5-c53d-46aa-b4fc-7cabb7e42545/element &amp#27;[39m&amp#27;[32m200&amp#27;[39m &amp#27;[90m26 ms - 137&amp#27;[39m
&amp#27;[35m[HTTP]&amp#27;[39m &amp#27;[90m&amp#27;[39m
&amp#27;[35m[HTTP]&amp#27;[39m &amp#27;[37m-->&amp#27;[39m &amp#27;[37mPOST&amp#27;[39m &amp#27;[37m/wd/hub/session/fc593ef5-c53d-46aa-b4fc-7cabb7e42545/element/0b71e4bb-63db-480a-93ac-2c1c13ff70f9/click&amp#27;[39m
&amp#27;[35m[HTTP]&amp#27;[39m &amp#27;[90m{"id":"0b71e4bb-63db-480a-93ac-2c1c13ff70f9"}&amp#27;[39m
[debug] &amp#27;[35m[W3C (fc593ef5)]&amp#27;[39m Calling AppiumDriver.click() with args: ["0b71e4bb-63db-480a-93ac-2c1c13ff70f9","fc593ef5-c53d-46aa-b4fc-7cabb7e42545"]
[debug] &amp#27;[35m[WD Proxy]&amp#27;[39m Matched '/element/0b71e4bb-63db-480a-93ac-2c1c13ff70f9/click' to command name 'click'
[debug] &amp#27;[35m[WD Proxy]&amp#27;[39m Proxying [POST /element/0b71e4bb-63db-480a-93ac-2c1c13ff70f9/click] to [POST http://127.0.0.1:8201/wd/hub/session/c705d445-752f-4a4f-814a-01700db2f6a8/element/0b71e4bb-63db-480a-93ac-2c1c13ff70f9/click] with body: {"element":"0b71e4bb-63db-480a-93ac-2c1c13ff70f9"}
[debug] &amp#27;[35m[WD Proxy]&amp#27;[39m Got response with status 200: {"sessionId":"c705d445-752f-4a4f-814a-01700db2f6a8","value":null}
[debug] &amp#27;[35m[W3C (fc593ef5)]&amp#27;[39m Responding to client with driver.click() result: null
&amp#27;[35m[HTTP]&amp#27;[39m &amp#27;[37m<-- POST /wd/hub/session/fc593ef5-c53d-46aa-b4fc-7cabb7e42545/element/0b71e4bb-63db-480a-93ac-2c1c13ff70f9/click &amp#27;[39m&amp#27;[32m200&amp#27;[39m &amp#27;[90m65 ms - 14&amp#27;[39m
&amp#27;[35m[HTTP]&amp#27;[39m &amp#27;[90m&amp#27;[39m
06-18-2021 03:18:50 SampleTest.java INFO  [main] devpinoyLogger 62 - Save button clicked
]]></system-out>
    <system-err><![CDATA[SLF4J: Failed to load class "org.slf4j.impl.StaticLoggerBinder".
SLF4J: Defaulting to no-operation (NOP) logger implementation
SLF4J: See http://www.slf4j.org/codes.html#StaticLoggerBinder for further details.
Jun 18, 2021 3:18:45 AM io.appium.java_client.remote.AppiumCommandExecutor$1 lambda$0
INFO: Detected dialect: W3C
]]></system-err>
  </testcase>
</testsuite>